This is pdfeTeX, Version 3.141592-1.21a-2.2 (Web2C 7.5.4) (format=pdflatex 2011.10.3)  13 AUG 2014 13:02
entering extended mode
**hw10
(./hw10.tex
LaTeX2e <2003/12/01>
Babel <v3.8d> and hyphenation patterns for american, french, german, ngerman, b
ahasa, basque, bulgarian, catalan, croatian, czech, danish, dutch, esperanto, e
stonian, finnish, greek, icelandic, irish, italian, latin, magyar, norsk, polis
h, portuges, romanian, russian, serbian, slovak, slovene, spanish, swedish, tur
kish, ukrainian, nohyphenation, loaded.
(/usr/share/texmf/tex/latex/base/article.cls
Document Class: article 2004/02/16 v1.4f Standard LaTeX document class
(/usr/share/texmf/tex/latex/base/size12.clo
File: size12.clo 2004/02/16 v1.4f Standard LaTeX file (size option)
)
\c@part=\count79
\c@section=\count80
\c@subsection=\count81
\c@subsubsection=\count82
\c@paragraph=\count83
\c@subparagraph=\count84
\c@figure=\count85
\c@table=\count86
\abovecaptionskip=\skip41
\belowcaptionskip=\skip42
\bibindent=\dimen102
)
(/usr/share/texmf/tex/latex/tools/enumerate.sty
Package: enumerate 1999/03/05 v3.00 enumerate extensions (DPC)
\@enLab=\toks14
)
(/usr/share/texmf/tex/latex/url/url.sty
\Urlmuskip=\muskip10
Package: url 2004/03/15  ver 3.1  Verb mode for urls, etc.
) (./hw10.aux)
\openout1 = `hw10.aux'.

LaTeX Font Info:    Checking defaults for OML/cmm/m/it on input line 9.
LaTeX Font Info:    ... okay on input line 9.
LaTeX Font Info:    Checking defaults for T1/cmr/m/n on input line 9.
LaTeX Font Info:    ... okay on input line 9.
LaTeX Font Info:    Checking defaults for OT1/cmr/m/n on input line 9.
LaTeX Font Info:    ... okay on input line 9.
LaTeX Font Info:    Checking defaults for OMS/cmsy/m/n on input line 9.
LaTeX Font Info:    ... okay on input line 9.
LaTeX Font Info:    Checking defaults for OMX/cmex/m/n on input line 9.
LaTeX Font Info:    ... okay on input line 9.
LaTeX Font Info:    Checking defaults for U/cmr/m/n on input line 9.
LaTeX Font Info:    ... okay on input line 9.
 [1

{/usr/share/texmf-var/fonts/map/pdftex/updmap/pdftex.map}] (./hw10.aux) ) 
Here is how much of TeX's memory you used:
 301 strings out of 94500
 3242 string characters out of 1176766
 49348 words of memory out of 1000000
 3545 multiletter control sequences out of 10000+50000
 4245 words of font info for 16 fonts, out of 500000 for 2000
 580 hyphenation exceptions out of 1000
 22i,4n,19p,122b,100s stack positions out of 1500i,500n,5000p,200000b,5000s
PDF statistics:
 10 PDF objects out of 300000
 0 named destinations out of 131072
 1 words of extra memory for PDF output out of 65536
</usr/
share/texmf/fonts/type1/bluesky/cm/cmr12.pfb></usr/share/texmf/fonts/type1/blue
sky/cm/cmbx12.pfb>
Output written on hw10.pdf (1 page, 20171 bytes).
